[LOG] SystemI::init                            : FMOD Studio Version: 00010802 (74770)
[LOG] SystemI::init                            : maxchannels = 128, flags = 00030000, extradriverdata = 0x0
[LOG] SystemI::close                           : 
[LOG] SystemI::close                           : Stop all sounds
[LOG] SystemI::close                           : done.

[LOG] OutputCoreAudio::enumerate               : Enumerating...
[LOG] OutputCoreAudio::enumerate               : Found output driver: "AirPlay".
[LOG] OutputCoreAudio::enumerate               : Found output driver: "Built-in Output".
[LOG] OutputCoreAudio::enumerate               : Done.
[LOG] OutputCoreAudio::init                    : Output running 2 channels at 44100Hz sample rate.
[LOG] OutputCoreAudio::init                    : Maximum hardware read size: 1024 samples, Software buffer size: 512 samples, Number of software buffers: 4.
[WRN] SystemI::init                            : Output requires a sample rate of 44100Hz, resampling will occur.
[LOG] Thread::initThread                       : Initializing FMOD mixer thread.  priority 3
[LOG] Thread::initThread                       : - Stacksize 49152.  Stack pointer 0x0 : usesemaphore = 1 : sleeptime = 0
[LOG] Thread::callback                         : * FMOD mixer thread started
[LOG] SystemI::init                            : Set up emulated output
[LOG] SystemI::init                            : create the channel pool
[LOG] Thread::initThread                       : Initializing FMOD stream thread.  priority 2
[LOG] Thread::initThread                       : - Stacksize 65536.  Stack pointer 0x0 : usesemaphore = 0 : sleeptime = 10
[LOG] Thread::callback                         : * FMOD stream thread started
[LOG] Thread::initThread                       : Initializing FMOD Studio update thread.  priority 0
[LOG] Thread::initThread                       : - Stacksize 65536.  Stack pointer 0x0 : usesemaphore = 0 : sleeptime = 1
[LOG] Thread::callback                         : * FMOD Studio update thread started
[LOG] Thread::initThread                       : Initializing FMOD Studio sample load thread.  priority 0
[LOG] Thread::initThread                       : - Stacksize 65536.  Stack pointer 0x0 : usesemaphore = 0 : sleeptime = 1
[LOG] Thread::callback                         : * FMOD Studio sample load thread started
[LOG] LiveUpdate::init                         : 
[LOG] Thread::initThread                       : Initializing FMOD Studio bank load thread.  priority 0
[LOG] Thread::initThread                       : - Stacksize 65536.  Stack pointer 0x0 : usesemaphore = 0 : sleeptime = 1
[LOG] Thread::callback                         : * FMOD Studio bank load thread started
[LOG] Profile::init                            : Profiler listening on port: 9264
[LOG] Manager::readBank                        : fileversion = 74, compatVersion = 70 (oldest = 44, newest = 74)
[LOG] Manager::readBank                        : fileversion = 74, compatVersion = 70 (oldest = 44, newest = 74)
[LOG] PlaybackSystem::acquireMasterBus         : Setting master channel group format to 6
[LOG] SystemI::createSound                     : filename = fmod_Entropy/Build/Desktop/Master Bank.bank : mode 0a010082
[LOG] SystemI::createSound                     : FMOD_NONBLOCKING specified.  Putting into queue to be opened asynchronously!
[LOG] Thread::initThread                       : Initializing FMOD nonblocking thread (0).  priority 1
[LOG] Thread::initThread                       : - Stacksize 81920.  Stack pointer 0x0 : usesemaphore = 1 : sleeptime = 0
[LOG] Thread::callback                         : * FMOD nonblocking thread (0) started
[LOG] SystemI::createSound                     : setdata soundi = 0x158969e18 : node = 0x10aff1ed0
[LOG] SystemI::createSound                     : add node to async list : head = 0x10af1ff90.  list count = 0
[LOG] AsyncThread::threadFunc                  : Starting Asynchronous operation on sound 0x158969e18
[LOG] SystemI::createSound                     : filename = fmod_Entropy/Build/Desktop/Master Bank.bank : mode 0a010082
[LOG] SystemI::createSoundInternal             :     filename = fmod_Entropy/Build/Desktop/Master Bank.bank : mode 0a010082
[LOG] SystemI::createSound                     :     FMOD_NONBLOCKING specified.  Putting into queue to be opened asynchronously!
[LOG] SystemI::createSoundInternal             :     exinfo->cbsize             = 232
[LOG] SystemI::createSound                     :     setdata soundi = 0x138465e48 : node = 0x138466000
[LOG] SystemI::createSoundInternal             :     exinfo->length             = 376640
[LOG] SystemI::createSound                     :     add node to async list : head = 0x10af1ff90.  list count = 0
[LOG] SystemI::createSoundInternal             :     exinfo->fileoffset         = 14560
[LOG] SystemI::createSound                     :     filename = fmod_Entropy/Build/Desktop/Master Bank.bank : mode 0a010082
[LOG] SystemI::createSoundInternal             :     exinfo->numsubsounds       = 1
[LOG] SystemI::createSound                     :     FMOD_NONBLOCKING specified.  Putting into queue to be opened asynchronously!
[LOG] SystemI::createSoundInternal             :     exinfo->inclusionlist      = 0x10aff1fe8
[LOG] SystemI::createSound                     :     setdata soundi = 0x1545ebe98 : node = 0x1545ec050
[LOG] SystemI::createSoundInternal             :     exinfo->inclusionlistnum   = 1
[LOG] SystemI::createSound                     :     add node to async list : head = 0x10af1ff90.  list count = 1
[LOG] SystemI::createSoundInternal             :     exinfo->suggestedsoundtype = 5
[LOG] SystemI::createSound                     :     filename = fmod_Entropy/Build/Desktop/Master Bank.bank : mode 0a010082
[LOG] SystemI::createSoundInternal             :     exinfo->initialseekpostype = 1
[LOG] SystemI::createSound                     :     FMOD_NONBLOCKING specified.  Putting into queue to be opened asynchronously!
[LOG] SystemI::createSound                     :     setdata soundi = 0x1589edc68 : node = 0x15895a740
[LOG] SystemI::createSoundInternal             :     Format has 1 subsounds.
[LOG] SystemI::createSound                     :     add node to async list : head = 0x10af1ff90.  list count = 2
[LOG] SystemI::createSoundInternal             :     Create as FMOD_CREATESTREAM
[LOG] System::createSoundInternal              :     decode buffersize = 19200 : blocksize = 256 : format = 2
[LOG] SystemI::createSample                    :     mode 0a010082 length 19200 samples, lengthbytes 108672
[LOG] SystemI::createSample                    :     channels = 2
[LOG] SystemI::createSample                    :     output = 0x154575638
[LOG] OutputSoftware::createSample             :     lengthpcm 19200, lengthbytes 108672, channels 2, format 2, freq 48000, mode 0a01008a
[LOG] System::createSoundInternal              :     1 subsounds detected.
[LOG] System::createSoundInternal              :     Seek stream to start
[LOG] System::createSoundInternal              :     flush stream buffer
[LOG] System::createSoundInternal              :     flush successful.
[LOG] System::createSoundInternal              :     switch file handle from small blocking single buffered to large nonblocking doublebuffered.
[LOG] Thread::initThread                       :         Initializing FMOD file thread.  priority 1
[LOG] Thread::initThread                       :         - Stacksize 16384.  Stack pointer 0x0 : usesemaphore = 0 : sleeptime = 10
[LOG] Thread::callback                         :         * FMOD file thread started
[LOG] SystemI::createSoundInternal             :     done.  OpenState now = FMOD_OPENSTATE_READY.

[LOG] AsyncThread::threadFunc                  : Finished Asynchronous operation on sound 0x158969e18
[LOG] AsyncThread::threadFunc                  : Starting Asynchronous operation on sound 0x138465e48
[LOG] SystemI::createSoundInternal             :     filename = fmod_Entropy/Build/Desktop/Master Bank.bank : mode 0a010082
[LOG] SystemI::createSoundInternal             :     exinfo->cbsize             = 232
[LOG] SystemI::createSoundInternal             :     exinfo->length             = 376640
[LOG] SystemI::createSoundInternal             :     exinfo->fileoffset         = 14560
[LOG] SystemI::createSoundInternal             :     exinfo->numsubsounds       = 1
[LOG] SystemI::createSoundInternal             :     exinfo->inclusionlist      = 0x138466118
[LOG] SystemI::createSoundInternal             :     exinfo->inclusionlistnum   = 1
[LOG] SystemI::createSoundInternal             :     exinfo->suggestedsoundtype = 5
[LOG] SystemI::createSoundInternal             :     exinfo->initialseekpostype = 1
[LOG] SystemI::createSoundInternal             :     Format has 1 subsounds.
[LOG] SystemI::createSoundInternal             :     Create as FMOD_CREATESTREAM
[LOG] System::createSoundInternal              :     decode buffersize = 19200 : blocksize = 256 : format = 2
[LOG] SystemI::createSample                    :     mode 0a010082 length 19200 samples, lengthbytes 129120
[LOG] SystemI::createSample                    :     channels = 2
[LOG] SystemI::createSample                    :     output = 0x154575638
[LOG] OutputSoftware::createSample             :     lengthpcm 19200, lengthbytes 129120, channels 2, format 2, freq 48000, mode 0a01008a
[LOG] System::createSoundInternal              :     1 subsounds detected.
[LOG] System::createSoundInternal              :     Seek stream to start
[LOG] System::createSoundInternal              :     flush stream buffer
[LOG] SoundI::getSubSound                      :     sound 0x158969e18.  Subsound index 0 / 1
[LOG] System::createSoundInternal              :     flush successful.
[LOG] System::createSoundInternal              :     switch file handle from small blocking single buffered to large nonblocking doublebuffered.
[LOG] SystemI::createSoundInternal             :     done.  OpenState now = FMOD_OPENSTATE_READY.

[LOG] AsyncThread::threadFunc                  : Finished Asynchronous operation on sound 0x138465e48
[LOG] AsyncThread::threadFunc                  : Starting Asynchronous operation on sound 0x1545ebe98
[LOG] SystemI::createSoundInternal             :     filename = fmod_Entropy/Build/Desktop/Master Bank.bank : mode 0a010082
[LOG] SystemI::createSoundInternal             :     exinfo->cbsize             = 232
[LOG] SystemI::createSoundInternal             :     exinfo->length             = 376640
[LOG] SystemI::createSoundInternal             :     exinfo->fileoffset         = 14560
[LOG] SystemI::createSoundInternal             :     exinfo->numsubsounds       = 1
[LOG] SystemI::createSoundInternal             :     exinfo->inclusionlist      = 0x1545ec168
[LOG] SystemI::createSoundInternal             :     exinfo->inclusionlistnum   = 1
[LOG] SystemI::createSoundInternal             :     exinfo->suggestedsoundtype = 5
[LOG] SystemI::createSoundInternal             :     exinfo->initialseekpostype = 1
[LOG] SystemI::createSoundInternal             :     Format has 1 subsounds.
[LOG] SystemI::createSoundInternal             :     Create as FMOD_CREATESTREAM
[LOG] System::createSoundInternal              :     decode buffersize = 19200 : blocksize = 256 : format = 2
[LOG] SystemI::createSample                    :     mode 0a010082 length 19200 samples, lengthbytes 36320
[LOG] SystemI::createSample                    :     channels = 2
[LOG] SystemI::createSample                    :     output = 0x154575638
[LOG] OutputSoftware::createSample             :     lengthpcm 19200, lengthbytes 36320, channels 2, format 2, freq 48000, mode 0a01008a
[LOG] System::createSoundInternal              :     1 subsounds detected.
[LOG] System::createSoundInternal              :     Seek stream to start
[LOG] System::createSoundInternal              :     flush stream buffer
[LOG] SoundI::getSubSound                      :     sound 0x138465e48.  Subsound index 0 / 1
[LOG] System::createSoundInternal              :     flush successful.
[LOG] System::createSoundInternal              :     switch file handle from small blocking single buffered to large nonblocking doublebuffered.
[LOG] SystemI::createSoundInternal             :     done.  OpenState now = FMOD_OPENSTATE_READY.

[LOG] AsyncThread::threadFunc                  : Finished Asynchronous operation on sound 0x1545ebe98
[LOG] AsyncThread::threadFunc                  : Starting Asynchronous operation on sound 0x1589edc68
[LOG] SystemI::createSoundInternal             :     filename = fmod_Entropy/Build/Desktop/Master Bank.bank : mode 0a010082
[LOG] SystemI::createSoundInternal             :     exinfo->cbsize             = 232
[LOG] SystemI::createSoundInternal             :     exinfo->length             = 376640
[LOG] SystemI::createSoundInternal             :     exinfo->fileoffset         = 14560
[LOG] SystemI::createSoundInternal             :     exinfo->numsubsounds       = 1
[LOG] SystemI::createSoundInternal             :     exinfo->inclusionlist      = 0x15895a858
[LOG] SystemI::createSoundInternal             :     exinfo->inclusionlistnum   = 1
[LOG] SystemI::createSoundInternal             :     exinfo->suggestedsoundtype = 5
[LOG] SystemI::createSoundInternal             :     exinfo->initialseekpostype = 1
[LOG] SystemI::createSoundInternal             :     Format has 1 subsounds.
[LOG] SystemI::createSoundInternal             :     Create as FMOD_CREATESTREAM
[LOG] System::createSoundInternal              :     decode buffersize = 19200 : blocksize = 256 : format = 2
[LOG] SystemI::createSample                    :     mode 0a010082 length 19200 samples, lengthbytes 101856
[LOG] SystemI::createSample                    :     channels = 2
[LOG] SystemI::createSample                    :     output = 0x154575638
[LOG] OutputSoftware::createSample             :     lengthpcm 19200, lengthbytes 101856, channels 2, format 2, freq 48000, mode 0a01008a
[LOG] System::createSoundInternal              :     1 subsounds detected.
[LOG] System::createSoundInternal              :     Seek stream to start
[LOG] System::createSoundInternal              :     flush stream buffer
[LOG] SoundI::getSubSound                      :     sound 0x1545ebe98.  Subsound index 0 / 1
[LOG] System::createSoundInternal              :     flush successful.
[LOG] System::createSoundInternal              :     switch file handle from small blocking single buffered to large nonblocking doublebuffered.
[LOG] SystemI::createSoundInternal             :     done.  OpenState now = FMOD_OPENSTATE_READY.

[LOG] AsyncThread::threadFunc                  : Finished Asynchronous operation on sound 0x1589edc68
[LOG] SoundI::getSubSound                      : sound 0x1589edc68.  Subsound index 0 / 1
[LOG] AsyncThread::threadFunc                  : Starting Asynchronous operation on sound 0x1352d6748
[LOG] AsyncThread::threadFunc                  : Finished Asynchronous operation on sound 0x1352d6748
[LOG] SystemI::createSound                     : filename = fmod_Entropy/Build/Desktop/Master Bank.bank : mode 0a010082
[LOG] SystemI::createSound                     : FMOD_NONBLOCKING specified.  Putting into queue to be opened asynchronously!
[LOG] SystemI::createSound                     : setdata soundi = 0x1385f10a8 : node = 0x1385ead00
[LOG] SystemI::createSound                     : add node to async list : head = 0x10af1ff90.  list count = 0
[LOG] AsyncThread::threadFunc                  : Starting Asynchronous operation on sound 0x1385f10a8
[LOG] SystemI::createSound                     : filename = fmod_Entropy/Build/Desktop/Master Bank.bank : mode 0a010082
[LOG] SystemI::createSoundInternal             :     filename = fmod_Entropy/Build/Desktop/Master Bank.bank : mode 0a010082
[LOG] SystemI::createSound                     :     FMOD_NONBLOCKING specified.  Putting into queue to be opened asynchronously!
[LOG] SystemI::createSound                     :     setdata soundi = 0x10a981678 : node = 0x10a9e40b0
[LOG] SystemI::createSoundInternal             :     exinfo->cbsize             = 232
[LOG] SystemI::createSoundInternal             :     exinfo->length             = 376640
[LOG] SystemI::createSound                     :     add node to async list : head = 0x10af1ff90.  list count = 0
[LOG] SystemI::createSoundInternal             :     exinfo->fileoffset         = 14560
[LOG] SystemI::createSound                     :     filename = fmod_Entropy/Build/Desktop/Master Bank.bank : mode 0a010082
[LOG] SystemI::createSoundInternal             :     exinfo->numsubsounds       = 1
[LOG] SystemI::createSound                     :     FMOD_NONBLOCKING specified.  Putting into queue to be opened asynchronously!
[LOG] SystemI::createSoundInternal             :     exinfo->inclusionlist      = 0x1385eae18
[LOG] SystemI::createSound                     :     setdata soundi = 0x135295ed8 : node = 0x10a9b18b0
[LOG] SystemI::createSound                     :     add node to async list : head = 0x10af1ff90.  list count = 1
[LOG] SystemI::createSoundInternal             :     exinfo->inclusionlistnum   = 1
[LOG] SystemI::createSoundInternal             :     exinfo->suggestedsoundtype = 5
[LOG] SystemI::createSound                     :     filename = fmod_Entropy/Build/Desktop/Master Bank.bank : mode 0a010082
[LOG] SystemI::createSoundInternal             :     exinfo->initialseekpostype = 1
[LOG] SystemI::createSound                     :     FMOD_NONBLOCKING specified.  Putting into queue to be opened asynchronously!
[LOG] SystemI::createSound                     :     setdata soundi = 0x1423b4668 : node = 0x1423b4ac0
[LOG] SystemI::createSoundInternal             :     Format has 1 subsounds.
[LOG] SystemI::createSound                     :     add node to async list : head = 0x10af1ff90.  list count = 2
[LOG] SystemI::createSoundInternal             :     Create as FMOD_CREATESTREAM
[LOG] System::createSoundInternal              :     decode buffersize = 19200 : blocksize = 256 : format = 2
[LOG] SystemI::createSample                    :     mode 0a010082 length 19200 samples, lengthbytes 108672
[LOG] SystemI::createSample                    :     channels = 2
[LOG] SystemI::createSample                    :     output = 0x154575638
[LOG] OutputSoftware::createSample             :     lengthpcm 19200, lengthbytes 108672, channels 2, format 2, freq 48000, mode 0a01008a
[LOG] System::createSoundInternal              :     1 subsounds detected.
[LOG] System::createSoundInternal              :     Seek stream to start
[LOG] System::createSoundInternal              :     flush stream buffer
[LOG] System::createSoundInternal              :     flush successful.
[LOG] System::createSoundInternal              :     switch file handle from small blocking single buffered to large nonblocking doublebuffered.
[LOG] SystemI::createSoundInternal             :     done.  OpenState now = FMOD_OPENSTATE_READY.

[LOG] AsyncThread::threadFunc                  : Finished Asynchronous operation on sound 0x1385f10a8
[LOG] AsyncThread::threadFunc                  : Starting Asynchronous operation on sound 0x10a981678
[LOG] SystemI::createSoundInternal             :     filename = fmod_Entropy/Build/Desktop/Master Bank.bank : mode 0a010082
[LOG] SystemI::createSoundInternal             :     exinfo->cbsize             = 232
[LOG] SystemI::createSoundInternal             :     exinfo->length             = 376640
[LOG] SystemI::createSoundInternal             :     exinfo->fileoffset         = 14560
[LOG] SystemI::createSoundInternal             :     exinfo->numsubsounds       = 1
[LOG] SystemI::createSoundInternal             :     exinfo->inclusionlist      = 0x10a9e41c8
[LOG] SystemI::createSoundInternal             :     exinfo->inclusionlistnum   = 1
[LOG] SystemI::createSoundInternal             :     exinfo->suggestedsoundtype = 5
[LOG] SystemI::createSoundInternal             :     exinfo->initialseekpostype = 1
[LOG] SystemI::createSoundInternal             :     Format has 1 subsounds.
[LOG] SystemI::createSoundInternal             :     Create as FMOD_CREATESTREAM
[LOG] SoundI::getSubSound                      :     sound 0x1385f10a8.  Subsound index 0 / 1
[LOG] System::createSoundInternal              :     decode buffersize = 19200 : blocksize = 256 : format = 2
[LOG] SystemI::createSample                    :     mode 0a010082 length 19200 samples, lengthbytes 129120
[LOG] SystemI::createSample                    :     channels = 2
[LOG] SystemI::createSample                    :     output = 0x154575638
[LOG] OutputSoftware::createSample             :     lengthpcm 19200, lengthbytes 129120, channels 2, format 2, freq 48000, mode 0a01008a
[LOG] System::createSoundInternal              :     1 subsounds detected.
[LOG] System::createSoundInternal              :     Seek stream to start
[LOG] System::createSoundInternal              :     flush stream buffer
[LOG] System::createSoundInternal              :     flush successful.
[LOG] System::createSoundInternal              :     switch file handle from small blocking single buffered to large nonblocking doublebuffered.
[LOG] SystemI::createSoundInternal             :     done.  OpenState now = FMOD_OPENSTATE_READY.

[LOG] AsyncThread::threadFunc                  : Finished Asynchronous operation on sound 0x10a981678
[LOG] AsyncThread::threadFunc                  : Starting Asynchronous operation on sound 0x135295ed8
[LOG] SystemI::createSoundInternal             :     filename = fmod_Entropy/Build/Desktop/Master Bank.bank : mode 0a010082
[LOG] SystemI::createSoundInternal             :     exinfo->cbsize             = 232
[LOG] SystemI::createSoundInternal             :     exinfo->length             = 376640
[LOG] SystemI::createSoundInternal             :     exinfo->fileoffset         = 14560
[LOG] SystemI::createSoundInternal             :     exinfo->numsubsounds       = 1
[LOG] SystemI::createSoundInternal             :     exinfo->inclusionlist      = 0x10a9b19c8
[LOG] SoundI::getSubSound                      :     sound 0x10a981678.  Subsound index 0 / 1
[LOG] SystemI::createSoundInternal             :     exinfo->inclusionlistnum   = 1
[LOG] SystemI::createSoundInternal             :     exinfo->suggestedsoundtype = 5
[LOG] SystemI::createSoundInternal             :     exinfo->initialseekpostype = 1
[LOG] SystemI::createSoundInternal             :     Format has 1 subsounds.
[LOG] SystemI::createSoundInternal             :     Create as FMOD_CREATESTREAM
[LOG] System::createSoundInternal              :     decode buffersize = 19200 : blocksize = 256 : format = 2
[LOG] SystemI::createSample                    :     mode 0a010082 length 19200 samples, lengthbytes 36320
[LOG] SystemI::createSample                    :     channels = 2
[LOG] SystemI::createSample                    :     output = 0x154575638
[LOG] OutputSoftware::createSample             :     lengthpcm 19200, lengthbytes 36320, channels 2, format 2, freq 48000, mode 0a01008a
[LOG] System::createSoundInternal              :     1 subsounds detected.
[LOG] System::createSoundInternal              :     Seek stream to start
[LOG] System::createSoundInternal              :     flush stream buffer
[LOG] System::createSoundInternal              :     flush successful.
[LOG] System::createSoundInternal              :     switch file handle from small blocking single buffered to large nonblocking doublebuffered.
[LOG] SystemI::createSoundInternal             :     done.  OpenState now = FMOD_OPENSTATE_READY.

[LOG] AsyncThread::threadFunc                  : Finished Asynchronous operation on sound 0x135295ed8
[LOG] AsyncThread::threadFunc                  : Starting Asynchronous operation on sound 0x1423b4668
[LOG] SystemI::createSoundInternal             :     filename = fmod_Entropy/Build/Desktop/Master Bank.bank : mode 0a010082
[LOG] SystemI::createSoundInternal             :     exinfo->cbsize             = 232
[LOG] SoundI::getSubSound                      :     sound 0x135295ed8.  Subsound index 0 / 1
[LOG] SystemI::createSoundInternal             :     exinfo->length             = 376640
[LOG] SystemI::createSoundInternal             :     exinfo->fileoffset         = 14560
[LOG] SystemI::createSoundInternal             :     exinfo->numsubsounds       = 1
[LOG] SystemI::createSoundInternal             :     exinfo->inclusionlist      = 0x1423b4bd8
[LOG] SystemI::createSoundInternal             :     exinfo->inclusionlistnum   = 1
[LOG] SystemI::createSoundInternal             :     exinfo->suggestedsoundtype = 5
[LOG] SystemI::createSoundInternal             :     exinfo->initialseekpostype = 1
[LOG] SystemI::createSoundInternal             :     Format has 1 subsounds.
[LOG] SystemI::createSoundInternal             :     Create as FMOD_CREATESTREAM
[LOG] System::createSoundInternal              :     decode buffersize = 19200 : blocksize = 256 : format = 2
[LOG] SystemI::createSample                    :     mode 0a010082 length 19200 samples, lengthbytes 101856
[LOG] SystemI::createSample                    :     channels = 2
[LOG] SystemI::createSample                    :     output = 0x154575638
[LOG] OutputSoftware::createSample             :     lengthpcm 19200, lengthbytes 101856, channels 2, format 2, freq 48000, mode 0a01008a
[LOG] System::createSoundInternal              :     1 subsounds detected.
[LOG] System::createSoundInternal              :     Seek stream to start
[LOG] System::createSoundInternal              :     flush stream buffer
[LOG] System::createSoundInternal              :     flush successful.
[LOG] System::createSoundInternal              :     switch file handle from small blocking single buffered to large nonblocking doublebuffered.
[LOG] SystemI::createSoundInternal             :     done.  OpenState now = FMOD_OPENSTATE_READY.

[LOG] AsyncThread::threadFunc                  : Finished Asynchronous operation on sound 0x1423b4668
[LOG] SoundI::getSubSound                      : sound 0x1423b4668.  Subsound index 0 / 1
[LOG] SoundI::release                          : (null) (0x158969e18)
[LOG] SoundI::release                          : remove stream samples. (0x158969e18)
[LOG] SoundI::release                          :     (null) (0x1545ec178)
[LOG] SoundI::release                          : release subsounds. (0x158969e18)
[LOG] SoundI::release                          :     (null) (0x1384f7a38)
[LOG] SoundI::release                          : release codec. (0x158969e18)
[LOG] SoundI::release                          : (null) (0x138465e48)
[LOG] SoundI::release                          : remove stream samples. (0x138465e48)
[LOG] SoundI::release                          :     (null) (0x13e306808)
[LOG] SoundI::release                          : release subsounds. (0x138465e48)
[LOG] SoundI::release                          :     (null) (0x1384fb468)
[LOG] SoundI::release                          : release codec. (0x138465e48)
[LOG] SoundI::release                          : (null) (0x1589edc68)
[LOG] SoundI::release                          : remove stream samples. (0x1589edc68)
[LOG] SoundI::release                          :     (null) (0x1384b0e18)
[LOG] SoundI::release                          : release subsounds. (0x1589edc68)
[LOG] SoundI::release                          :     (null) (0x138495b28)
[LOG] SoundI::release                          : release codec. (0x1589edc68)
[LOG] SoundI::release                          : (null) (0x1545ebe98)
[LOG] SoundI::release                          : remove stream samples. (0x1545ebe98)
[LOG] SoundI::release                          :     (null) (0x1352d65b8)
[LOG] SoundI::release                          : release subsounds. (0x1545ebe98)
[LOG] SoundI::release                          :     (null) (0x1352d6748)
[LOG] SoundI::release                          : release codec. (0x1545ebe98)
[LOG] AsyncThread::threadFunc                  : Starting Asynchronous operation on sound 0x10af2f188
[LOG] AsyncThread::threadFunc                  : Finished Asynchronous operation on sound 0x10af2f188
[LOG] SystemI::createSound                     : filename = fmod_Entropy/Build/Desktop/Master Bank.bank : mode 0a010082
[LOG] SystemI::createSound                     : FMOD_NONBLOCKING specified.  Putting into queue to be opened asynchronously!
[LOG] SystemI::createSound                     : setdata soundi = 0x1421de568 : node = 0x1421dd500
[LOG] SystemI::createSound                     : add node to async list : head = 0x10af1ff90.  list count = 0
[LOG] AsyncThread::threadFunc                  : Starting Asynchronous operation on sound 0x1421de568
[LOG] SystemI::createSound                     : filename = fmod_Entropy/Build/Desktop/Master Bank.bank : mode 0a010082
[LOG] SystemI::createSoundInternal             :     filename = fmod_Entropy/Build/Desktop/Master Bank.bank : mode 0a010082
[LOG] SystemI::createSound                     :     FMOD_NONBLOCKING specified.  Putting into queue to be opened asynchronously!
[LOG] SystemI::createSoundInternal             :     exinfo->cbsize             = 232
[LOG] SystemI::createSound                     :     setdata soundi = 0x1352a16f8 : node = 0x1352b30e0
[LOG] SystemI::createSoundInternal             :     exinfo->length             = 376640
[LOG] SystemI::createSound                     :     add node to async list : head = 0x10af1ff90.  list count = 0
[LOG] SystemI::createSoundInternal             :     exinfo->fileoffset         = 14560
[LOG] SystemI::createSound                     :     filename = fmod_Entropy/Build/Desktop/Master Bank.bank : mode 0a010082
[LOG] SystemI::createSoundInternal             :     exinfo->numsubsounds       = 1
[LOG] SystemI::createSound                     :     FMOD_NONBLOCKING specified.  Putting into queue to be opened asynchronously!
[LOG] SystemI::createSound                     :     setdata soundi = 0x10a9a74f8 : node = 0x1352d0c90
[LOG] SystemI::createSoundInternal             :     exinfo->inclusionlist      = 0x1421dd618
[LOG] SystemI::createSoundInternal             :     exinfo->inclusionlistnum   = 1
[LOG] SystemI::createSound                     :     add node to async list : head = 0x10af1ff90.  list count = 1
[LOG] SystemI::createSoundInternal             :     exinfo->suggestedsoundtype = 5
[LOG] SystemI::createSound                     :     filename = fmod_Entropy/Build/Desktop/Master Bank.bank : mode 0a010082
[LOG] SystemI::createSoundInternal             :     exinfo->initialseekpostype = 1
[LOG] SystemI::createSound                     :     FMOD_NONBLOCKING specified.  Putting into queue to be opened asynchronously!
[LOG] SystemI::createSoundInternal             :     Format has 1 subsounds.
[LOG] SystemI::createSound                     :     setdata soundi = 0x154591258 : node = 0x1421f27e0
[LOG] SystemI::createSoundInternal             :     Create as FMOD_CREATESTREAM
[LOG] SystemI::createSound                     :     add node to async list : head = 0x10af1ff90.  list count = 2
[LOG] System::createSoundInternal              :     decode buffersize = 19200 : blocksize = 256 : format = 2
[LOG] SystemI::createSample                    :     mode 0a010082 length 19200 samples, lengthbytes 108672
[LOG] SystemI::createSample                    :     channels = 2
[LOG] SystemI::createSample                    :     output = 0x154575638
[LOG] OutputSoftware::createSample             :     lengthpcm 19200, lengthbytes 108672, channels 2, format 2, freq 48000, mode 0a01008a
[LOG] System::createSoundInternal              :     1 subsounds detected.
[LOG] System::createSoundInternal              :     Seek stream to start
[LOG] System::createSoundInternal              :     flush stream buffer
[LOG] System::createSoundInternal              :     flush successful.
[LOG] System::createSoundInternal              :     switch file handle from small blocking single buffered to large nonblocking doublebuffered.
[LOG] SystemI::createSoundInternal             :     done.  OpenState now = FMOD_OPENSTATE_READY.

[LOG] AsyncThread::threadFunc                  : Finished Asynchronous operation on sound 0x1421de568
[LOG] AsyncThread::threadFunc                  : Starting Asynchronous operation on sound 0x1352a16f8
[LOG] SystemI::createSoundInternal             :     filename = fmod_Entropy/Build/Desktop/Master Bank.bank : mode 0a010082
[LOG] SystemI::createSoundInternal             :     exinfo->cbsize             = 232
[LOG] SystemI::createSoundInternal             :     exinfo->length             = 376640
[LOG] SystemI::createSoundInternal             :     exinfo->fileoffset         = 14560
[LOG] SoundI::getSubSound                      :     sound 0x1421de568.  Subsound index 0 / 1
[LOG] SystemI::createSoundInternal             :     exinfo->numsubsounds       = 1
[LOG] SystemI::createSoundInternal             :     exinfo->inclusionlist      = 0x1352b31f8
[LOG] SystemI::createSoundInternal             :     exinfo->inclusionlistnum   = 1
[LOG] SystemI::createSoundInternal             :     exinfo->suggestedsoundtype = 5
[LOG] SystemI::createSoundInternal             :     exinfo->initialseekpostype = 1
[LOG] SystemI::createSoundInternal             :     Format has 1 subsounds.
[LOG] SystemI::createSoundInternal             :     Create as FMOD_CREATESTREAM
[LOG] System::createSoundInternal              :     decode buffersize = 19200 : blocksize = 256 : format = 2
[LOG] SystemI::createSample                    :     mode 0a010082 length 19200 samples, lengthbytes 129120
[LOG] SystemI::createSample                    :     channels = 2
[LOG] SystemI::createSample                    :     output = 0x154575638
[LOG] OutputSoftware::createSample             :     lengthpcm 19200, lengthbytes 129120, channels 2, format 2, freq 48000, mode 0a01008a
[LOG] System::createSoundInternal              :     1 subsounds detected.
[LOG] System::createSoundInternal              :     Seek stream to start
[LOG] System::createSoundInternal              :     flush stream buffer
[LOG] System::createSoundInternal              :     flush successful.
[LOG] System::createSoundInternal              :     switch file handle from small blocking single buffered to large nonblocking doublebuffered.
[LOG] SystemI::createSoundInternal             :     done.  OpenState now = FMOD_OPENSTATE_READY.

[LOG] AsyncThread::threadFunc                  : Finished Asynchronous operation on sound 0x1352a16f8
[LOG] AsyncThread::threadFunc                  : Starting Asynchronous operation on sound 0x10a9a74f8
[LOG] SystemI::createSoundInternal             :     filename = fmod_Entropy/Build/Desktop/Master Bank.bank : mode 0a010082
[LOG] SystemI::createSoundInternal             :     exinfo->cbsize             = 232
[LOG] SystemI::createSoundInternal             :     exinfo->length             = 376640
[LOG] SystemI::createSoundInternal             :     exinfo->fileoffset         = 14560
[LOG] SystemI::createSoundInternal             :     exinfo->numsubsounds       = 1
[LOG] SystemI::createSoundInternal             :     exinfo->inclusionlist      = 0x1352d0da8
[LOG] SystemI::createSoundInternal             :     exinfo->inclusionlistnum   = 1
[LOG] SystemI::createSoundInternal             :     exinfo->suggestedsoundtype = 5
[LOG] SystemI::createSoundInternal             :     exinfo->initialseekpostype = 1
[LOG] SystemI::createSoundInternal             :     Format has 1 subsounds.
[LOG] SystemI::createSoundInternal             :     Create as FMOD_CREATESTREAM
[LOG] System::createSoundInternal              :     decode buffersize = 19200 : blocksize = 256 : format = 2
[LOG] SoundI::getSubSound                      :     sound 0x1352a16f8.  Subsound index 0 / 1
[LOG] SystemI::createSample                    :     mode 0a010082 length 19200 samples, lengthbytes 36320
[LOG] SystemI::createSample                    :     channels = 2
[LOG] SystemI::createSample                    :     output = 0x154575638
[LOG] OutputSoftware::createSample             :     lengthpcm 19200, lengthbytes 36320, channels 2, format 2, freq 48000, mode 0a01008a
[LOG] System::createSoundInternal              :     1 subsounds detected.
[LOG] System::createSoundInternal              :     Seek stream to start
[LOG] System::createSoundInternal              :     flush stream buffer
[LOG] System::createSoundInternal              :     flush successful.
[LOG] System::createSoundInternal              :     switch file handle from small blocking single buffered to large nonblocking doublebuffered.
[LOG] SystemI::createSoundInternal             :     done.  OpenState now = FMOD_OPENSTATE_READY.

[LOG] AsyncThread::threadFunc                  : Finished Asynchronous operation on sound 0x10a9a74f8
[LOG] AsyncThread::threadFunc                  : Starting Asynchronous operation on sound 0x154591258
[LOG] SystemI::createSoundInternal             :     filename = fmod_Entropy/Build/Desktop/Master Bank.bank : mode 0a010082
[LOG] SystemI::createSoundInternal             :     exinfo->cbsize             = 232
[LOG] SystemI::createSoundInternal             :     exinfo->length             = 376640
[LOG] SystemI::createSoundInternal             :     exinfo->fileoffset         = 14560
[LOG] SoundI::getSubSound                      :     sound 0x10a9a74f8.  Subsound index 0 / 1
[LOG] SystemI::createSoundInternal             :     exinfo->numsubsounds       = 1
[LOG] SystemI::createSoundInternal             :     exinfo->inclusionlist      = 0x1421f28f8
[LOG] SystemI::createSoundInternal             :     exinfo->inclusionlistnum   = 1
[LOG] SystemI::createSoundInternal             :     exinfo->suggestedsoundtype = 5
[LOG] SystemI::createSoundInternal             :     exinfo->initialseekpostype = 1
[LOG] SystemI::createSoundInternal             :     Format has 1 subsounds.
[LOG] SystemI::createSoundInternal             :     Create as FMOD_CREATESTREAM
[LOG] System::createSoundInternal              :     decode buffersize = 19200 : blocksize = 256 : format = 2
[LOG] SystemI::createSample                    :     mode 0a010082 length 19200 samples, lengthbytes 101856
[LOG] SystemI::createSample                    :     channels = 2
[LOG] SystemI::createSample                    :     output = 0x154575638
[LOG] OutputSoftware::createSample             :     lengthpcm 19200, lengthbytes 101856, channels 2, format 2, freq 48000, mode 0a01008a
[LOG] System::createSoundInternal              :     1 subsounds detected.
[LOG] System::createSoundInternal              :     Seek stream to start
[LOG] System::createSoundInternal              :     flush stream buffer
[LOG] System::createSoundInternal              :     flush successful.
[LOG] System::createSoundInternal              :     switch file handle from small blocking single buffered to large nonblocking doublebuffered.
[LOG] SystemI::createSoundInternal             :     done.  OpenState now = FMOD_OPENSTATE_READY.

[LOG] AsyncThread::threadFunc                  : Finished Asynchronous operation on sound 0x154591258
[LOG] SoundI::getSubSound                      : sound 0x154591258.  Subsound index 0 / 1
[LOG] SoundI::release                          : (null) (0x1385f10a8)
[LOG] SoundI::release                          : remove stream samples. (0x1385f10a8)
[LOG] SoundI::release                          :     (null) (0x10af2ecc8)
[LOG] SoundI::release                          : release subsounds. (0x1385f10a8)
[LOG] SoundI::release                          :     (null) (0x1421f82f8)
[LOG] SoundI::release                          : release codec. (0x1385f10a8)
[LOG] SoundI::release                          : (null) (0x10a981678)
[LOG] SoundI::release                          : remove stream samples. (0x10a981678)
[LOG] SoundI::release                          :     (null) (0x10af2ee58)
[LOG] SoundI::release                          : release subsounds. (0x10a981678)
[LOG] SoundI::release                          :     (null) (0x10af2efe8)
[LOG] SoundI::release                          : release codec. (0x10a981678)
[LOG] SoundI::release                          : (null) (0x1423b4668)
[LOG] SoundI::release                          : remove stream samples. (0x1423b4668)
[LOG] SoundI::release                          :     (null) (0x1352d0dd8)
[LOG] SoundI::release                          : release subsounds. (0x1423b4668)
[LOG] SoundI::release                          :     (null) (0x10af2f188)
[LOG] SoundI::release                          : release codec. (0x1423b4668)
[LOG] SoundI::release                          : (null) (0x135295ed8)
[LOG] SoundI::release                          : remove stream samples. (0x135295ed8)
[LOG] SoundI::release                          :     (null) (0x129bd6798)
[LOG] SoundI::release                          : release subsounds. (0x135295ed8)
[LOG] SoundI::release                          :     (null) (0x129cd5db8)
[LOG] SoundI::release                          : release codec. (0x135295ed8)
[LOG] SystemI::createSound                     : filename = fmod_Entropy/Build/Desktop/Master Bank.bank : mode 0a010082
[LOG] SystemI::createSound                     : FMOD_NONBLOCKING specified.  Putting into queue to be opened asynchronously!
[LOG] SystemI::createSound                     : setdata soundi = 0x1421d1748 : node = 0x142190b60
[LOG] SystemI::createSound                     : add node to async list : head = 0x10af1ff90.  list count = 0
[LOG] AsyncThread::threadFunc                  : Starting Asynchronous operation on sound 0x1421d1748
[LOG] SystemI::createSound                     : filename = fmod_Entropy/Build/Desktop/Master Bank.bank : mode 0a010082
[LOG] SystemI::createSoundInternal             :     filename = fmod_Entropy/Build/Desktop/Master Bank.bank : mode 0a010082
[LOG] SystemI::createSound                     :     FMOD_NONBLOCKING specified.  Putting into queue to be opened asynchronously!
[LOG] SystemI::createSoundInternal             :     exinfo->cbsize             = 232
[LOG] SystemI::createSound                     :     setdata soundi = 0x142192098 : node = 0x1421ae020
[LOG] SystemI::createSound                     :     add node to async list : head = 0x10af1ff90.  list count = 0
[LOG] SystemI::createSoundInternal             :     exinfo->length             = 376640
[LOG] SystemI::createSound                     :     filename = fmod_Entropy/Build/Desktop/Master Bank.bank : mode 0a010082
[LOG] SystemI::createSoundInternal             :     exinfo->fileoffset         = 14560
[LOG] SystemI::createSoundInternal             :     exinfo->numsubsounds       = 1
[LOG] SystemI::createSound                     :     FMOD_NONBLOCKING specified.  Putting into queue to be opened asynchronously!
[LOG] SystemI::createSound                     :     setdata soundi = 0x11a710d18 : node = 0x11a710ed0
[LOG] SystemI::createSoundInternal             :     exinfo->inclusionlist      = 0x142190c78
[LOG] SystemI::createSoundInternal             :     exinfo->inclusionlistnum   = 1
[LOG] SystemI::createSound                     :     add node to async list : head = 0x10af1ff90.  list count = 1
[LOG] SystemI::createSoundInternal             :     exinfo->suggestedsoundtype = 5
[LOG] SystemI::createSound                     :     filename = fmod_Entropy/Build/Desktop/Master Bank.bank : mode 0a010082
[LOG] SystemI::createSoundInternal             :     exinfo->initialseekpostype = 1
[LOG] SystemI::createSound                     :     FMOD_NONBLOCKING specified.  Putting into queue to be opened asynchronously!
[LOG] SystemI::createSound                     :     setdata soundi = 0x14235d038 : node = 0x142397e20
[LOG] SystemI::createSoundInternal             :     Format has 1 subsounds.
[LOG] SystemI::createSound                     :     add node to async list : head = 0x10af1ff90.  list count = 2
[LOG] SystemI::createSoundInternal             :     Create as FMOD_CREATESTREAM
[LOG] System::createSoundInternal              :     decode buffersize = 19200 : blocksize = 256 : format = 2
[LOG] SystemI::createSample                    :     mode 0a010082 length 19200 samples, lengthbytes 108672
[LOG] SystemI::createSample                    :     channels = 2
[LOG] SystemI::createSample                    :     output = 0x154575638
[LOG] OutputSoftware::createSample             :     lengthpcm 19200, lengthbytes 108672, channels 2, format 2, freq 48000, mode 0a01008a
[LOG] System::createSoundInternal              :     1 subsounds detected.
[LOG] System::createSoundInternal              :     Seek stream to start
[LOG] System::createSoundInternal              :     flush stream buffer
[LOG] System::createSoundInternal              :     flush successful.
[LOG] System::createSoundInternal              :     switch file handle from small blocking single buffered to large nonblocking doublebuffered.
[LOG] SystemI::createSoundInternal             :     done.  OpenState now = FMOD_OPENSTATE_READY.

[LOG] AsyncThread::threadFunc                  : Finished Asynchronous operation on sound 0x1421d1748
[LOG] AsyncThread::threadFunc                  : Starting Asynchronous operation on sound 0x142192098
[LOG] SystemI::createSoundInternal             :     filename = fmod_Entropy/Build/Desktop/Master Bank.bank : mode 0a010082
[LOG] SystemI::createSoundInternal             :     exinfo->cbsize             = 232
[LOG] SystemI::createSoundInternal             :     exinfo->length             = 376640
[LOG] SystemI::createSoundInternal             :     exinfo->fileoffset         = 14560
[LOG] SystemI::createSoundInternal             :     exinfo->numsubsounds       = 1
[LOG] SystemI::createSoundInternal             :     exinfo->inclusionlist      = 0x1421ae138
[LOG] SystemI::createSoundInternal             :     exinfo->inclusionlistnum   = 1
[LOG] SystemI::createSoundInternal             :     exinfo->suggestedsoundtype = 5
[LOG] SystemI::createSoundInternal             :     exinfo->initialseekpostype = 1
[LOG] SystemI::createSoundInternal             :     Format has 1 subsounds.
[LOG] SystemI::createSoundInternal             :     Create as FMOD_CREATESTREAM
[LOG] SoundI::getSubSound                      :     sound 0x1421d1748.  Subsound index 0 / 1
[LOG] System::createSoundInternal              :     decode buffersize = 19200 : blocksize = 256 : format = 2
[LOG] SystemI::createSample                    :     mode 0a010082 length 19200 samples, lengthbytes 129120
[LOG] SystemI::createSample                    :     channels = 2
[LOG] SystemI::createSample                    :     output = 0x154575638
[LOG] OutputSoftware::createSample             :     lengthpcm 19200, lengthbytes 129120, channels 2, format 2, freq 48000, mode 0a01008a
[LOG] System::createSoundInternal              :     1 subsounds detected.
[LOG] System::createSoundInternal              :     Seek stream to start
[LOG] System::createSoundInternal              :     flush stream buffer
[LOG] System::createSoundInternal              :     flush successful.
[LOG] System::createSoundInternal              :     switch file handle from small blocking single buffered to large nonblocking doublebuffered.
[LOG] SystemI::createSoundInternal             :     done.  OpenState now = FMOD_OPENSTATE_READY.

[LOG] AsyncThread::threadFunc                  : Finished Asynchronous operation on sound 0x142192098
[LOG] AsyncThread::threadFunc                  : Starting Asynchronous operation on sound 0x11a710d18
[LOG] SystemI::createSoundInternal             :     filename = fmod_Entropy/Build/Desktop/Master Bank.bank : mode 0a010082
[LOG] SoundI::getSubSound                      :     sound 0x142192098.  Subsound index 0 / 1
[LOG] SystemI::createSoundInternal             :     exinfo->cbsize             = 232
[LOG] SystemI::createSoundInternal             :     exinfo->length             = 376640
[LOG] SystemI::createSoundInternal             :     exinfo->fileoffset         = 14560
[LOG] SystemI::createSoundInternal             :     exinfo->numsubsounds       = 1
[LOG] SystemI::createSoundInternal             :     exinfo->inclusionlist      = 0x11a710fe8
[LOG] SystemI::createSoundInternal             :     exinfo->inclusionlistnum   = 1
[LOG] SystemI::createSoundInternal             :     exinfo->suggestedsoundtype = 5
[LOG] SystemI::createSoundInternal             :     exinfo->initialseekpostype = 1
[LOG] SystemI::createSoundInternal             :     Format has 1 subsounds.
[LOG] SystemI::createSoundInternal             :     Create as FMOD_CREATESTREAM
[LOG] System::createSoundInternal              :     decode buffersize = 19200 : blocksize = 256 : format = 2
[LOG] SystemI::createSample                    :     mode 0a010082 length 19200 samples, lengthbytes 36320
[LOG] SystemI::createSample                    :     channels = 2
[LOG] SystemI::createSample                    :     output = 0x154575638
[LOG] OutputSoftware::createSample             :     lengthpcm 19200, lengthbytes 36320, channels 2, format 2, freq 48000, mode 0a01008a
[LOG] System::createSoundInternal              :     1 subsounds detected.
[LOG] System::createSoundInternal              :     Seek stream to start
[LOG] System::createSoundInternal              :     flush stream buffer
[LOG] System::createSoundInternal              :     flush successful.
[LOG] System::createSoundInternal              :     switch file handle from small blocking single buffered to large nonblocking doublebuffered.
[LOG] SystemI::createSoundInternal             :     done.  OpenState now = FMOD_OPENSTATE_READY.

[LOG] AsyncThread::threadFunc                  : Finished Asynchronous operation on sound 0x11a710d18
[LOG] AsyncThread::threadFunc                  : Starting Asynchronous operation on sound 0x14235d038
[LOG] SystemI::createSoundInternal             :     filename = fmod_Entropy/Build/Desktop/Master Bank.bank : mode 0a010082
[LOG] SystemI::createSoundInternal             :     exinfo->cbsize             = 232
[LOG] SystemI::createSoundInternal             :     exinfo->length             = 376640
[LOG] SystemI::createSoundInternal             :     exinfo->fileoffset         = 14560
[LOG] SystemI::createSoundInternal             :     exinfo->numsubsounds       = 1
[LOG] SoundI::getSubSound                      :     sound 0x11a710d18.  Subsound index 0 / 1
[LOG] SystemI::createSoundInternal             :     exinfo->inclusionlist      = 0x142397f38
[LOG] SystemI::createSoundInternal             :     exinfo->inclusionlistnum   = 1
[LOG] SystemI::createSoundInternal             :     exinfo->suggestedsoundtype = 5
[LOG] SystemI::createSoundInternal             :     exinfo->initialseekpostype = 1
[LOG] SystemI::createSoundInternal             :     Format has 1 subsounds.
[LOG] SystemI::createSoundInternal             :     Create as FMOD_CREATESTREAM
[LOG] System::createSoundInternal              :     decode buffersize = 19200 : blocksize = 256 : format = 2
[LOG] SystemI::createSample                    :     mode 0a010082 length 19200 samples, lengthbytes 101856
[LOG] SystemI::createSample                    :     channels = 2
[LOG] SystemI::createSample                    :     output = 0x154575638
[LOG] OutputSoftware::createSample             :     lengthpcm 19200, lengthbytes 101856, channels 2, format 2, freq 48000, mode 0a01008a
[LOG] System::createSoundInternal              :     1 subsounds detected.
[LOG] System::createSoundInternal              :     Seek stream to start
[LOG] System::createSoundInternal              :     flush stream buffer
[LOG] System::createSoundInternal              :     flush successful.
[LOG] System::createSoundInternal              :     switch file handle from small blocking single buffered to large nonblocking doublebuffered.
[LOG] SystemI::createSoundInternal             :     done.  OpenState now = FMOD_OPENSTATE_READY.

[LOG] AsyncThread::threadFunc                  : Finished Asynchronous operation on sound 0x14235d038
[LOG] SoundI::getSubSound                      : sound 0x14235d038.  Subsound index 0 / 1
[LOG] SoundI::release                          : (null) (0x1421de568)
[LOG] SoundI::release                          : remove stream samples. (0x1421de568)
[LOG] SoundI::release                          :     (null) (0x142393f08)
[LOG] SoundI::release                          : release subsounds. (0x1421de568)
[LOG] SoundI::release                          :     (null) (0x1385f4d78)
[LOG] SoundI::release                          : release codec. (0x1421de568)
[LOG] SoundI::release                          : (null) (0x1352a16f8)
[LOG] SoundI::release                          : remove stream samples. (0x1352a16f8)
[LOG] SoundI::release                          :     (null) (0x129b71e78)
[LOG] SoundI::release                          : release subsounds. (0x1352a16f8)
[LOG] SoundI::release                          :     (null) (0x10af31d08)
[LOG] SoundI::release                          : release codec. (0x1352a16f8)
[LOG] SoundI::release                          : (null) (0x154591258)
[LOG] SoundI::release                          : remove stream samples. (0x154591258)
[LOG] SoundI::release                          :     (null) (0x1423a1688)
[LOG] SoundI::release                          : release subsounds. (0x154591258)
[LOG] SoundI::release                          :     (null) (0x10a998658)
[LOG] SoundI::release                          : release codec. (0x154591258)
[LOG] SoundI::release                          : (null) (0x10a9a74f8)
[LOG] SoundI::release                          : remove stream samples. (0x10a9a74f8)
[LOG] SoundI::release                          :     (null) (0x10aa42718)
[LOG] SoundI::release                          : release subsounds. (0x10a9a74f8)
[LOG] SoundI::release                          :     (null) (0x1385f0bf8)
[LOG] SoundI::release                          : release codec. (0x10a9a74f8)
[LOG] AsyncThread::threadFunc                  : Starting Asynchronous operation on sound 0x1421d4e88
[LOG] AsyncThread::threadFunc                  : Finished Asynchronous operation on sound 0x1421d4e88
[LOG] AsyncThread::threadFunc                  : Starting Asynchronous operation on sound 0x142385968
[LOG] AsyncThread::threadFunc                  : Finished Asynchronous operation on sound 0x142385968
[LOG] SystemI::createSound                     : filename = fmod_Entropy/Build/Desktop/Master Bank.bank : mode 0a010082
[LOG] SystemI::createSound                     : FMOD_NONBLOCKING specified.  Putting into queue to be opened asynchronously!
[LOG] SystemI::createSound                     : setdata soundi = 0x14216e058 : node = 0x142170600
[LOG] SystemI::createSound                     : add node to async list : head = 0x10af1ff90.  list count = 0
[LOG] AsyncThread::threadFunc                  : Starting Asynchronous operation on sound 0x14216e058
[LOG] SystemI::createSound                     : filename = fmod_Entropy/Build/Desktop/Master Bank.bank : mode 0a010082
[LOG] SystemI::createSoundInternal             :     filename = fmod_Entropy/Build/Desktop/Master Bank.bank : mode 0a010082
[LOG] SystemI::createSound                     :     FMOD_NONBLOCKING specified.  Putting into queue to be opened asynchronously!
[LOG] SystemI::createSound                     :     setdata soundi = 0x142301f68 : node = 0x14228c190
[LOG] SystemI::createSoundInternal             :     exinfo->cbsize             = 232
[LOG] SystemI::createSoundInternal             :     exinfo->length             = 376640
[LOG] SystemI::createSound                     :     add node to async list : head = 0x10af1ff90.  list count = 0
[LOG] SystemI::createSoundInternal             :     exinfo->fileoffset         = 14560
[LOG] SystemI::createSound                     :     filename = fmod_Entropy/Build/Desktop/Master Bank.bank : mode 0a010082
[LOG] SystemI::createSoundInternal             :     exinfo->numsubsounds       = 1
[LOG] SystemI::createSound                     :     FMOD_NONBLOCKING specified.  Putting into queue to be opened asynchronously!
[LOG] SystemI::createSoundInternal             :     exinfo->inclusionlist      = 0x142170718
[LOG] SystemI::createSound                     :     setdata soundi = 0x10ac03a48 : node = 0x10ac06000
[LOG] SystemI::createSoundInternal             :     exinfo->inclusionlistnum   = 1
[LOG] SystemI::createSound                     :     add node to async list : head = 0x10af1ff90.  list count = 1
[LOG] SystemI::createSoundInternal             :     exinfo->suggestedsoundtype = 5
[LOG] SystemI::createSound                     :     filename = fmod_Entropy/Build/Desktop/Master Bank.bank : mode 0a010082
[LOG] SystemI::createSoundInternal             :     exinfo->initialseekpostype = 1
[LOG] SystemI::createSound                     :     FMOD_NONBLOCKING specified.  Putting into queue to be opened asynchronously!
[LOG] SystemI::createSoundInternal             :     Format has 1 subsounds.
[LOG] SystemI::createSound                     :     setdata soundi = 0x142315738 : node = 0x142342be0
[LOG] SystemI::createSoundInternal             :     Create as FMOD_CREATESTREAM
[LOG] SystemI::createSound                     :     add node to async list : head = 0x10af1ff90.  list count = 2
[LOG] System::createSoundInternal              :     decode buffersize = 19200 : blocksize = 256 : format = 2
[LOG] SystemI::createSample                    :     mode 0a010082 length 19200 samples, lengthbytes 108672
[LOG] SystemI::createSample                    :     channels = 2
[LOG] SystemI::createSample                    :     output = 0x154575638
[LOG] OutputSoftware::createSample             :     lengthpcm 19200, lengthbytes 108672, channels 2, format 2, freq 48000, mode 0a01008a
[LOG] System::createSoundInternal              :     1 subsounds detected.
[LOG] System::createSoundInternal              :     Seek stream to start
[LOG] System::createSoundInternal              :     flush stream buffer
[LOG] System::createSoundInternal              :     flush successful.
[LOG] System::createSoundInternal              :     switch file handle from small blocking single buffered to large nonblocking doublebuffered.
[LOG] SystemI::createSoundInternal             :     done.  OpenState now = FMOD_OPENSTATE_READY.

[LOG] AsyncThread::threadFunc                  : Finished Asynchronous operation on sound 0x14216e058
[LOG] AsyncThread::threadFunc                  : Starting Asynchronous operation on sound 0x142301f68
[LOG] SystemI::createSoundInternal             :     filename = fmod_Entropy/Build/Desktop/Master Bank.bank : mode 0a010082
[LOG] SystemI::createSoundInternal             :     exinfo->cbsize             = 232
[LOG] SystemI::createSoundInternal             :     exinfo->length             = 376640
[LOG] SystemI::createSoundInternal             :     exinfo->fileoffset         = 14560
[LOG] SystemI::createSoundInternal             :     exinfo->numsubsounds       = 1
[LOG] SystemI::createSoundInternal             :     exinfo->inclusionlist      = 0x14228c2a8
[LOG] SystemI::createSoundInternal             :     exinfo->inclusionlistnum   = 1
[LOG] SoundI::getSubSound                      :     sound 0x14216e058.  Subsound index 0 / 1
[LOG] SystemI::createSoundInternal             :     exinfo->suggestedsoundtype = 5
[LOG] SystemI::createSoundInternal             :     exinfo->initialseekpostype = 1
[LOG] SystemI::createSoundInternal             :     Format has 1 subsounds.
[LOG] SystemI::createSoundInternal             :     Create as FMOD_CREATESTREAM
[LOG] System::createSoundInternal              :     decode buffersize = 19200 : blocksize = 256 : format = 2
[LOG] SystemI::createSample                    :     mode 0a010082 length 19200 samples, lengthbytes 129120
[LOG] SystemI::createSample                    :     channels = 2
[LOG] SystemI::createSample                    :     output = 0x154575638
[LOG] OutputSoftware::createSample             :     lengthpcm 19200, lengthbytes 129120, channels 2, format 2, freq 48000, mode 0a01008a
[LOG] System::createSoundInternal              :     1 subsounds detected.
[LOG] System::createSoundInternal              :     Seek stream to start
[LOG] System::createSoundInternal              :     flush stream buffer
[LOG] System::createSoundInternal              :     flush successful.
[LOG] System::createSoundInternal              :     switch file handle from small blocking single buffered to large nonblocking doublebuffered.
[LOG] SystemI::createSoundInternal             :     done.  OpenState now = FMOD_OPENSTATE_READY.

[LOG] AsyncThread::threadFunc                  : Finished Asynchronous operation on sound 0x142301f68
[LOG] AsyncThread::threadFunc                  : Starting Asynchronous operation on sound 0x10ac03a48
[LOG] SystemI::createSoundInternal             :     filename = fmod_Entropy/Build/Desktop/Master Bank.bank : mode 0a010082
[LOG] SystemI::createSoundInternal             :     exinfo->cbsize             = 232
[LOG] SystemI::createSoundInternal             :     exinfo->length             = 376640
[LOG] SystemI::createSoundInternal             :     exinfo->fileoffset         = 14560
[LOG] SystemI::createSoundInternal             :     exinfo->numsubsounds       = 1
[LOG] SystemI::createSoundInternal             :     exinfo->inclusionlist      = 0x10ac06118
[LOG] SystemI::createSoundInternal             :     exinfo->inclusionlistnum   = 1
[LOG] SoundI::getSubSound                      :     sound 0x142301f68.  Subsound index 0 / 1
[LOG] SystemI::createSoundInternal             :     exinfo->suggestedsoundtype = 5
[LOG] SystemI::createSoundInternal             :     exinfo->initialseekpostype = 1
[LOG] SystemI::createSoundInternal             :     Format has 1 subsounds.
[LOG] SystemI::createSoundInternal             :     Create as FMOD_CREATESTREAM
[LOG] System::createSoundInternal              :     decode buffersize = 19200 : blocksize = 256 : format = 2
[LOG] SystemI::createSample                    :     mode 0a010082 length 19200 samples, lengthbytes 36320
[LOG] SystemI::createSample                    :     channels = 2
[LOG] SystemI::createSample                    :     output = 0x154575638
[LOG] OutputSoftware::createSample             :     lengthpcm 19200, lengthbytes 36320, channels 2, format 2, freq 48000, mode 0a01008a
[LOG] System::createSoundInternal              :     1 subsounds detected.
[LOG] System::createSoundInternal              :     Seek stream to start
[LOG] System::createSoundInternal              :     flush stream buffer
[LOG] System::createSoundInternal              :     flush successful.
[LOG] System::createSoundInternal              :     switch file handle from small blocking single buffered to large nonblocking doublebuffered.
[LOG] SystemI::createSoundInternal             :     done.  OpenState now = FMOD_OPENSTATE_READY.

[LOG] AsyncThread::threadFunc                  : Finished Asynchronous operation on sound 0x10ac03a48
[LOG] AsyncThread::threadFunc                  : Starting Asynchronous operation on sound 0x142315738
[LOG] SystemI::createSoundInternal             :     filename = fmod_Entropy/Build/Desktop/Master Bank.bank : mode 0a010082
[LOG] SystemI::createSoundInternal             :     exinfo->cbsize             = 232
[LOG] SystemI::createSoundInternal             :     exinfo->length             = 376640
[LOG] SystemI::createSoundInternal             :     exinfo->fileoffset         = 14560
[LOG] SystemI::createSoundInternal             :     exinfo->numsubsounds       = 1
[LOG] SystemI::createSoundInternal             :     exinfo->inclusionlist      = 0x142342cf8
[LOG] SystemI::createSoundInternal             :     exinfo->inclusionlistnum   = 1
[LOG] SoundI::getSubSound                      :     sound 0x10ac03a48.  Subsound index 0 / 1
[LOG] SystemI::createSoundInternal             :     exinfo->suggestedsoundtype = 5
[LOG] SystemI::createSoundInternal             :     exinfo->initialseekpostype = 1
[LOG] SystemI::createSoundInternal             :     Format has 1 subsounds.
[LOG] SystemI::createSoundInternal             :     Create as FMOD_CREATESTREAM
[LOG] System::createSoundInternal              :     decode buffersize = 19200 : blocksize = 256 : format = 2
[LOG] SystemI::createSample                    :     mode 0a010082 length 19200 samples, lengthbytes 101856
[LOG] SystemI::createSample                    :     channels = 2
[LOG] SystemI::createSample                    :     output = 0x154575638
[LOG] OutputSoftware::createSample             :     lengthpcm 19200, lengthbytes 101856, channels 2, format 2, freq 48000, mode 0a01008a
[LOG] System::createSoundInternal              :     1 subsounds detected.
[LOG] System::createSoundInternal              :     Seek stream to start
[LOG] System::createSoundInternal              :     flush stream buffer
[LOG] System::createSoundInternal              :     flush successful.
[LOG] System::createSoundInternal              :     switch file handle from small blocking single buffered to large nonblocking doublebuffered.
[LOG] SystemI::createSoundInternal             :     done.  OpenState now = FMOD_OPENSTATE_READY.

[LOG] AsyncThread::threadFunc                  : Finished Asynchronous operation on sound 0x142315738
[LOG] SoundI::getSubSound                      : sound 0x142315738.  Subsound index 0 / 1
[LOG] SoundI::release                          : (null) (0x1421d1748)
[LOG] SoundI::release                          : remove stream samples. (0x1421d1748)
[LOG] SoundI::release                          :     (null) (0x14238db18)
[LOG] SoundI::release                          : release subsounds. (0x1421d1748)
[LOG] SoundI::release                          :     (null) (0x142385968)
[LOG] SoundI::release                          : release codec. (0x1421d1748)
[LOG] SoundI::release                          : (null) (0x142192098)
[LOG] SoundI::release                          : remove stream samples. (0x142192098)
[LOG] SoundI::release                          :     (null) (0x142369da8)
[LOG] SoundI::release                          : release subsounds. (0x142192098)
[LOG] SoundI::release                          :     (null) (0x1421d4e88)
[LOG] SoundI::release                          : release codec. (0x142192098)
[LOG] SoundI::release                          : (null) (0x14235d038)
[LOG] SoundI::release                          : remove stream samples. (0x14235d038)
[LOG] SoundI::release                          :     (null) (0x1421d3fa8)
[LOG] SoundI::release                          : release subsounds. (0x14235d038)
[LOG] SoundI::release                          :     (null) (0x14219df88)
[LOG] SoundI::release                          : release codec. (0x14235d038)
[LOG] SoundI::release                          : (null) (0x11a710d18)
[LOG] SoundI::release                          : remove stream samples. (0x11a710d18)
[LOG] SoundI::release                          :     (null) (0x14235b238)
[LOG] SoundI::release                          : release subsounds. (0x11a710d18)
[LOG] SoundI::release                          :     (null) (0x14238f4a8)
[LOG] SoundI::release                          : release codec. (0x11a710d18)
[LOG] AsyncThread::threadFunc                  : Starting Asynchronous operation on sound 0x1421a6348
[LOG] AsyncThread::threadFunc                  : Finished Asynchronous operation on sound 0x1421a6348
[LOG] AsyncThread::threadFunc                  : Starting Asynchronous operation on sound 0x13e3a4038
[LOG] AsyncThread::threadFunc                  : Finished Asynchronous operation on sound 0x13e3a4038
[LOG] SystemI::createSound                     : filename = fmod_Entropy/Build/Desktop/Master Bank.bank : mode 0a010082
[LOG] SystemI::createSound                     : FMOD_NONBLOCKING specified.  Putting into queue to be opened asynchronously!
[LOG] SystemI::createSound                     : setdata soundi = 0x1422ef288 : node = 0x1422ed160
[LOG] SystemI::createSound                     : add node to async list : head = 0x10af1ff90.  list count = 0
[LOG] AsyncThread::threadFunc                  : Starting Asynchronous operation on sound 0x1422ef288
[LOG] SystemI::createSound                     : filename = fmod_Entropy/Build/Desktop/Master Bank.bank : mode 0a010082
[LOG] SystemI::createSoundInternal             :     filename = fmod_Entropy/Build/Desktop/Master Bank.bank : mode 0a010082
[LOG] SystemI::createSound                     :     FMOD_NONBLOCKING specified.  Putting into queue to be opened asynchronously!
[LOG] SystemI::createSoundInternal             :     exinfo->cbsize             = 232
[LOG] SystemI::createSound                     :     setdata soundi = 0x142322b08 : node = 0x1422f5b10
[LOG] SystemI::createSoundInternal             :     exinfo->length             = 376640
[LOG] SystemI::createSound                     :     add node to async list : head = 0x10af1ff90.  list count = 0
[LOG] SystemI::createSoundInternal             :     exinfo->fileoffset         = 14560
[LOG] SystemI::createSound                     :     filename = fmod_Entropy/Build/Desktop/Master Bank.bank : mode 0a010082
[LOG] SystemI::createSoundInternal             :     exinfo->numsubsounds       = 1
[LOG] SystemI::createSound                     :     FMOD_NONBLOCKING specified.  Putting into queue to be opened asynchronously!
[LOG] SystemI::createSoundInternal             :     exinfo->inclusionlist      = 0x1422ed278
[LOG] SystemI::createSound                     :     setdata soundi = 0x142385968 : node = 0x13854c4b0
[LOG] SystemI::createSoundInternal             :     exinfo->inclusionlistnum   = 1
[LOG] SystemI::createSound                     :     add node to async list : head = 0x10af1ff90.  list count = 1
[LOG] SystemI::createSoundInternal             :     exinfo->suggestedsoundtype = 5
[LOG] SystemI::createSound                     :     filename = fmod_Entropy/Build/Desktop/Master Bank.bank : mode 0a010082
[LOG] SystemI::createSound                     :     FMOD_NONBLOCKING specified.  Putting into queue to be opened asynchronously!
[LOG] SystemI::createSoundInternal             :     exinfo->initialseekpostype = 1
[LOG] SystemI::createSound                     :     setdata soundi = 0x1422e2ee8 : node = 0x1422f1090
[LOG] SystemI::createSoundInternal             :     Format has 1 subsounds.
[LOG] SystemI::createSound                     :     add node to async list : head = 0x10af1ff90.  list count = 2
[LOG] SystemI::createSoundInternal             :     Create as FMOD_CREATESTREAM
[LOG] System::createSoundInternal              :     decode buffersize = 19200 : blocksize = 256 : format = 2
[LOG] SystemI::createSample                    :     mode 0a010082 length 19200 samples, lengthbytes 108672
[LOG] SystemI::createSample                    :     channels = 2
[LOG] SystemI::createSample                    :     output = 0x154575638
[LOG] OutputSoftware::createSample             :     lengthpcm 19200, lengthbytes 108672, channels 2, format 2, freq 48000, mode 0a01008a
[LOG] System::createSoundInternal              :     1 subsounds detected.
[LOG] System::createSoundInternal              :     Seek stream to start
[LOG] System::createSoundInternal              :     flush stream buffer
[LOG] System::createSoundInternal              :     flush successful.
[LOG] System::createSoundInternal              :     switch file handle from small blocking single buffered to large nonblocking doublebuffered.
[LOG] SystemI::createSoundInternal             :     done.  OpenState now = FMOD_OPENSTATE_READY.

[LOG] AsyncThread::threadFunc                  : Finished Asynchronous operation on sound 0x1422ef288
[LOG] AsyncThread::threadFunc                  : Starting Asynchronous operation on sound 0x142322b08
[LOG] SystemI::createSoundInternal             :     filename = fmod_Entropy/Build/Desktop/Master Bank.bank : mode 0a010082
[LOG] SystemI::createSoundInternal             :     exinfo->cbsize             = 232
[LOG] SystemI::createSoundInternal             :     exinfo->length             = 376640
[LOG] SystemI::createSoundInternal             :     exinfo->fileoffset         = 14560
[LOG] SystemI::createSoundInternal             :     exinfo->numsubsounds       = 1
[LOG] SoundI::getSubSound                      :     sound 0x1422ef288.  Subsound index 0 / 1
[LOG] SystemI::createSoundInternal             :     exinfo->inclusionlist      = 0x1422f5c28
[LOG] SystemI::createSoundInternal             :     exinfo->inclusionlistnum   = 1
[LOG] SystemI::createSoundInternal             :     exinfo->suggestedsoundtype = 5
[LOG] SystemI::createSoundInternal             :     exinfo->initialseekpostype = 1
[LOG] SystemI::createSoundInternal             :     Format has 1 subsounds.
[LOG] SystemI::createSoundInternal             :     Create as FMOD_CREATESTREAM
[LOG] System::createSoundInternal              :     decode buffersize = 19200 : blocksize = 256 : format = 2
[LOG] SystemI::createSample                    :     mode 0a010082 length 19200 samples, lengthbytes 129120
[LOG] SystemI::createSample                    :     channels = 2
[LOG] SystemI::createSample                    :     output = 0x154575638
[LOG] OutputSoftware::createSample             :     lengthpcm 19200, lengthbytes 129120, channels 2, format 2, freq 48000, mode 0a01008a
[LOG] System::createSoundInternal              :     1 subsounds detected.
[LOG] System::createSoundInternal              :     Seek stream to start
[LOG] System::createSoundInternal              :     flush stream buffer
[LOG] System::createSoundInternal              :     flush successful.
[LOG] System::createSoundInternal              :     switch file handle from small blocking single buffered to large nonblocking doublebuffered.
[LOG] SystemI::createSoundInternal             :     done.  OpenState now = FMOD_OPENSTATE_READY.

[LOG] AsyncThread::threadFunc                  : Finished Asynchronous operation on sound 0x142322b08
[LOG] AsyncThread::threadFunc                  : Starting Asynchronous operation on sound 0x142385968
[LOG] SystemI::createSoundInternal             :     filename = fmod_Entropy/Build/Desktop/Master Bank.bank : mode 0a010082
[LOG] SystemI::createSoundInternal             :     exinfo->cbsize             = 232
[LOG] SystemI::createSoundInternal             :     exinfo->length             = 376640
[LOG] SoundI::getSubSound                      :     sound 0x142322b08.  Subsound index 0 / 1
[LOG] SystemI::createSoundInternal             :     exinfo->fileoffset         = 14560
[LOG] SystemI::createSoundInternal             :     exinfo->numsubsounds       = 1
[LOG] SystemI::createSoundInternal             :     exinfo->inclusionlist      = 0x13854c5c8
[LOG] SystemI::createSoundInternal             :     exinfo->inclusionlistnum   = 1
[LOG] SystemI::createSoundInternal             :     exinfo->suggestedsoundtype = 5
[LOG] SystemI::createSoundInternal             :     exinfo->initialseekpostype = 1
[LOG] SystemI::createSoundInternal             :     Format has 1 subsounds.
[LOG] SystemI::createSoundInternal             :     Create as FMOD_CREATESTREAM
[LOG] System::createSoundInternal              :     decode buffersize = 19200 : blocksize = 256 : format = 2
[LOG] SystemI::createSample                    :     mode 0a010082 length 19200 samples, lengthbytes 36320
[LOG] SystemI::createSample                    :     channels = 2
[LOG] SystemI::createSample                    :     output = 0x154575638
[LOG] OutputSoftware::createSample             :     lengthpcm 19200, lengthbytes 36320, channels 2, format 2, freq 48000, mode 0a01008a
[LOG] System::createSoundInternal              :     1 subsounds detected.
[LOG] System::createSoundInternal              :     Seek stream to start
[LOG] System::createSoundInternal              :     flush stream buffer
[LOG] System::createSoundInternal              :     flush successful.
[LOG] System::createSoundInternal              :     switch file handle from small blocking single buffered to large nonblocking doublebuffered.
[LOG] SystemI::createSoundInternal             :     done.  OpenState now = FMOD_OPENSTATE_READY.

[LOG] AsyncThread::threadFunc                  : Finished Asynchronous operation on sound 0x142385968
[LOG] AsyncThread::threadFunc                  : Starting Asynchronous operation on sound 0x1422e2ee8
[LOG] SoundI::getSubSound                      : sound 0x142385968.  Subsound index 0 / 1
[LOG] SystemI::createSoundInternal             :     filename = fmod_Entropy/Build/Desktop/Master Bank.bank : mode 0a010082
[LOG] SystemI::createSoundInternal             :     exinfo->cbsize             = 232
[LOG] SystemI::createSoundInternal             :     exinfo->length             = 376640
[LOG] SystemI::createSoundInternal             :     exinfo->fileoffset         = 14560
[LOG] SystemI::createSoundInternal             :     exinfo->numsubsounds       = 1
[LOG] SystemI::createSoundInternal             :     exinfo->inclusionlist      = 0x1422f11a8
[LOG] SystemI::createSoundInternal             :     exinfo->inclusionlistnum   = 1
[LOG] SystemI::createSoundInternal             :     exinfo->suggestedsoundtype = 5
[LOG] SystemI::createSoundInternal             :     exinfo->initialseekpostype = 1
[LOG] SystemI::createSoundInternal             :     Format has 1 subsounds.
[LOG] SystemI::createSoundInternal             :     Create as FMOD_CREATESTREAM
[LOG] System::createSoundInternal              :     decode buffersize = 19200 : blocksize = 256 : format = 2
[LOG] SystemI::createSample                    :     mode 0a010082 length 19200 samples, lengthbytes 101856
[LOG] SystemI::createSample                    :     channels = 2
[LOG] SystemI::createSample                    :     output = 0x154575638
[LOG] OutputSoftware::createSample             :     lengthpcm 19200, lengthbytes 101856, channels 2, format 2, freq 48000, mode 0a01008a
[LOG] System::createSoundInternal              :     1 subsounds detected.
[LOG] System::createSoundInternal              :     Seek stream to start
[LOG] System::createSoundInternal              :     flush stream buffer
[LOG] System::createSoundInternal              :     flush successful.
[LOG] System::createSoundInternal              :     switch file handle from small blocking single buffered to large nonblocking doublebuffered.
[LOG] SystemI::createSoundInternal             :     done.  OpenState now = FMOD_OPENSTATE_READY.

[LOG] AsyncThread::threadFunc                  : Finished Asynchronous operation on sound 0x1422e2ee8
[LOG] SoundI::getSubSound                      : sound 0x1422e2ee8.  Subsound index 0 / 1
[LOG] SoundI::release                          : (null) (0x14216e058)
[LOG] SoundI::release                          : remove stream samples. (0x14216e058)
[LOG] SoundI::release                          :     (null) (0x142345028)
[LOG] SoundI::release                          : release subsounds. (0x14216e058)
[LOG] SoundI::release                          :     (null) (0x1421a6348)
[LOG] SoundI::release                          : release codec. (0x14216e058)
[LOG] SoundI::release                          : (null) (0x142301f68)
[LOG] SoundI::release                          : remove stream samples. (0x142301f68)
[LOG] SoundI::release                          :     (null) (0x1424bbdb8)
[LOG] SoundI::release                          : release subsounds. (0x142301f68)
[LOG] SoundI::release                          :     (null) (0x13e3a4038)
[LOG] SoundI::release                          : release codec. (0x142301f68)
[LOG] SoundI::release                          : (null) (0x10ac03a48)
[LOG] SoundI::release                          : remove stream samples. (0x10ac03a48)
[LOG] SoundI::release                          :     (null) (0x14230d158)
[LOG] SoundI::release                          : release subsounds. (0x10ac03a48)
[LOG] SoundI::release                          :     (null) (0x1421de568)
[LOG] SoundI::release                          : release codec. (0x10ac03a48)
[LOG] SoundI::release                          : (null) (0x142315738)
[LOG] SoundI::release                          : remove stream samples. (0x142315738)
[LOG] SoundI::release                          :     (null) (0x1423a1088)
[LOG] SoundI::release                          : release subsounds. (0x142315738)
[LOG] SoundI::release                          :     (null) (0x142336da8)
[LOG] SoundI::release                          : release codec. (0x142315738)
[LOG] AsyncThread::threadFunc                  : Starting Asynchronous operation on sound 0x142136c08
[LOG] AsyncThread::threadFunc                  : Finished Asynchronous operation on sound 0x142136c08
[LOG] SoundI::release                          : (null) (0x1422ef288)
[LOG] SoundI::release                          : remove stream samples. (0x1422ef288)
[LOG] SoundI::release                          :     (null) (0x1423a16b8)
[LOG] SoundI::release                          : release subsounds. (0x1422ef288)
[LOG] SoundI::release                          :     (null) (0x14214e528)
[LOG] SoundI::release                          : release codec. (0x1422ef288)
[LOG] SoundI::release                          : (null) (0x142385968)
[LOG] SoundI::release                          : remove stream samples. (0x142385968)
[LOG] SoundI::release                          :     (null) (0x14213b4a8)
[LOG] SoundI::release                          : release subsounds. (0x142385968)
[LOG] SoundI::release                          :     (null) (0x142136c08)
[LOG] SoundI::release                          : release codec. (0x142385968)
[LOG] SoundI::release                          : (null) (0x142322b08)
[LOG] SoundI::release                          : remove stream samples. (0x142322b08)
[LOG] SoundI::release                          :     (null) (0x14213fb78)
[LOG] SoundI::release                          : release subsounds. (0x142322b08)
[LOG] SoundI::release                          :     (null) (0x1422f7e98)
[LOG] SoundI::release                          : release codec. (0x142322b08)
[LOG] SoundI::release                          : (null) (0x1422e2ee8)
[LOG] SoundI::release                          : remove stream samples. (0x1422e2ee8)
[LOG] SoundI::release                          :     (null) (0x142126128)
[LOG] SoundI::release                          : release subsounds. (0x1422e2ee8)
[LOG] SoundI::release                          :     (null) (0x1424e9d38)
[LOG] SoundI::release                          : release codec. (0x1422e2ee8)
[LOG] Thread::callback                         : * FMOD Studio update thread finished
[LOG] Thread::close                            : FMOD Studio update thread thread destroyed
[LOG] Thread::callback                         : * FMOD Studio bank load thread finished
[LOG] Thread::close                            : FMOD Studio bank load thread thread destroyed
[LOG] Profile::disconnectAll                   : Profiler disconnecting all clients
[LOG] Thread::callback                         : * FMOD Studio sample load thread finished
[LOG] Thread::close                            : FMOD Studio sample load thread thread destroyed
[LOG] LiveUpdate::release                      : 
[LOG] SystemI::close                           : 
[LOG] SystemI::close                           : Stop all sounds
[LOG] Thread::callback                         : * FMOD stream thread finished
[LOG] Thread::close                            : FMOD stream thread thread destroyed
[LOG] SystemI::close                           : Stream thread destroyed
[LOG] Thread::callback                         : * FMOD mixer thread finished
[LOG] Thread::close                            : FMOD mixer thread thread destroyed
[LOG] SystemI::close                           : Free master channel group.
[LOG] SystemI::close                           : Remove 'master' sound group.
[LOG] SystemI::close                           : Free software output.
[LOG] SystemI::close                           : Free emulated output.
[LOG] SystemI::close                           : Free channel pool.
[LOG] Thread::callback                         : * FMOD nonblocking thread (0) finished
[LOG] Thread::close                            : FMOD nonblocking thread (0) thread destroyed
[LOG] Thread::callback                         : * FMOD file thread finished
[LOG] Thread::close                            : FMOD file thread thread destroyed
[LOG] SystemI::close                           : done.

